<?xml version="1.0" encoding="UTF-8"?>
<!-- Generated by org.testng.reporters.JUnitReportReporter -->
<testsuite hostname="ADMIN-PC" failures="0" tests="1" name="com.yt.testcases.YT_testcase001" time="28.087" errors="0" timestamp="2022-10-06T23:07:57 PDT" skipped="0">
  <testcase classname="com.yt.testcases.YT_testcase001" name="YT_sub_views_count" time="28.087"/>
  <system-out/>
</testsuite> <!-- com.yt.testcases.YT_testcase001 -->
