<?xml version="1.0" encoding="UTF-8"?>
<!-- Generated by org.testng.reporters.JUnitReportReporter -->
<testsuite hostname="ADMIN-PC" failures="0" tests="1" name="restAssuredTest.Test001_GetRequest" time="6.867" errors="0" timestamp="2022-10-13T10:53:17 PDT" skipped="0">
  <testcase classname="restAssuredTest.Test001_GetRequest" name="getWeatherDetails" time="6.867"/>
  <system-out/>
</testsuite> <!-- restAssuredTest.Test001_GetRequest -->
